2024-04-30T09:09:02.439431+00:00 ERROR 'ansible_navigator.image_manager.puller._log_message' Execution environment pull failed
2024-04-30T09:09:02.440189+00:00 ERROR 'ansible_navigator.image_manager.puller._log_message' Error response from daemon: Get "https://utility.lab.example.com/v2/": dial tcp: lookup utility.lab.example.com: no such host
2024-04-30T09:10:25.041712+00:00 ERROR 'ansible_navigator.image_manager.puller._log_message' Execution environment pull failed
2024-04-30T09:10:25.042527+00:00 ERROR 'ansible_navigator.image_manager.puller._log_message' Error response from daemon: Get "https://utility.lab.example.com/v2/": dial tcp: lookup utility.lab.example.com: no such host
2024-04-30T09:10:25.148834+00:00 ERROR 'ansible_navigator.actions.images._collect_image_list' 
2024-04-30T09:10:45.908650+00:00 ERROR 'ansible_navigator.actions.images.run' No images were found, or the configured container engine was not available.
2024-04-30T09:11:41.252782+00:00 ERROR 'ansible_navigator.image_manager.puller._log_message' Execution environment pull failed
2024-04-30T09:11:41.252988+00:00 ERROR 'ansible_navigator.image_manager.puller._log_message' Error response from daemon: Get "https://utility.lab.example.com/v2/": dial tcp: lookup utility.lab.example.com: no such host
2024-04-30T09:11:41.323933+00:00 ERROR 'ansible_navigator.actions.images._collect_image_list' 
2024-04-30T09:11:43.620550+00:00 ERROR 'ansible_navigator.actions.images.run' No images were found, or the configured container engine was not available.
2024-04-30T09:12:40.693289+00:00 ERROR 'ansible_navigator.image_manager.puller._log_message' Execution environment pull failed
2024-04-30T09:12:40.693594+00:00 ERROR 'ansible_navigator.image_manager.puller._log_message' Error response from daemon: Get "https://utility.lab.example.com/v2/": dial tcp: lookup utility.lab.example.com: no such host
2024-04-30T09:12:40.781140+00:00 ERROR 'ansible_navigator.actions.images._collect_image_list' 
2024-04-30T09:12:43.316382+00:00 ERROR 'ansible_navigator.actions.images.run' No images were found, or the configured container engine was not available.
2024-04-30T09:22:43.239932+00:00 ERROR 'ansible_navigator.image_manager.puller._log_message' Execution environment pull failed
2024-04-30T09:22:43.240662+00:00 ERROR 'ansible_navigator.image_manager.puller._log_message' Error response from daemon: Get "https://utility.lab.example.com/v2/": dial tcp: lookup utility.lab.example.com: no such host
2024-04-30T09:23:08.445937+00:00 ERROR 'ansible_navigator.actions.images._parse' Unable to extract introspection from stdout
2024-04-30T09:23:08.446408+00:00 ERROR 'ansible_navigator.actions.images._parse' Image introspection failed (parsed), the return value was: Traceback (most recent call last):
  File "/home/vm/.cache/ansible-navigator/image_introspect.py", line 16, in <module>
    from typing import TypeAlias
ImportError: cannot import name 'TypeAlias' from 'typing' (/usr/lib64/python3.9/typing.py)

2024-04-30T13:40:06.479070+00:00 INFO 'ansible_navigator.setup_logger' New ansible-navigator instance, logging initialized
2024-04-30T13:40:06.479293+00:00 INFO 'ansible_navigator.setup_logger' New ansible-runner instance, logging initialized
2024-04-30T13:40:06.479337+00:00 DEBUG 'ansible_navigator.main' Babel==2.8.0 
2024-04-30T13:40:06.479369+00:00 DEBUG 'ansible_navigator.main' Brotli==1.0.9 
2024-04-30T13:40:06.479397+00:00 DEBUG 'ansible_navigator.main' Flask==2.3.2 
2024-04-30T13:40:06.479441+00:00 DEBUG 'ansible_navigator.main' Jinja2==3.1.3 
2024-04-30T13:40:06.479468+00:00 DEBUG 'ansible_navigator.main' Mako==1.1.3 
2024-04-30T13:40:06.479492+00:00 DEBUG 'ansible_navigator.main' MarkupSafe==2.1.5 
2024-04-30T13:40:06.479516+00:00 DEBUG 'ansible_navigator.main' Parsley==1.3 
2024-04-30T13:40:06.479540+00:00 DEBUG 'ansible_navigator.main' Pillow==9.0.1 
2024-04-30T13:40:06.479564+00:00 DEBUG 'ansible_navigator.main' PyGObject==3.42.1 
2024-04-30T13:40:06.479588+00:00 DEBUG 'ansible_navigator.main' PyJWT==2.3.0 
2024-04-30T13:40:06.479611+00:00 DEBUG 'ansible_navigator.main' PyNaCl==1.5.0 
2024-04-30T13:40:06.479644+00:00 DEBUG 'ansible_navigator.main' PyQt5-sip==12.9.1 
2024-04-30T13:40:06.479669+00:00 DEBUG 'ansible_navigator.main' PyYAML==5.4.1 
2024-04-30T13:40:06.479692+00:00 DEBUG 'ansible_navigator.main' Pygments==2.17.2 
2024-04-30T13:40:06.479715+00:00 DEBUG 'ansible_navigator.main' Routes==2.5.1 
2024-04-30T13:40:06.479738+00:00 DEBUG 'ansible_navigator.main' SecretStorage==3.3.1 
2024-04-30T13:40:06.479762+00:00 DEBUG 'ansible_navigator.main' Send2Trash==1.8.1b0 
2024-04-30T13:40:06.479785+00:00 DEBUG 'ansible_navigator.main' WebOb==1.8.7 
2024-04-30T13:40:06.479810+00:00 DEBUG 'ansible_navigator.main' aiohttp-cors==0.7.0 
2024-04-30T13:40:06.479833+00:00 DEBUG 'ansible_navigator.main' aiohttp==3.9.3 /home/vm/.local/lib/python3.10/site-packages/aiohttp/__init__.py
2024-04-30T13:40:06.479856+00:00 DEBUG 'ansible_navigator.main' aiosignal==1.3.1 /home/vm/.local/lib/python3.10/site-packages/aiosignal/__init__.py
2024-04-30T13:40:06.479879+00:00 DEBUG 'ansible_navigator.main' ansible-builder==3.0.1 
2024-04-30T13:40:06.479903+00:00 DEBUG 'ansible_navigator.main' ansible-compat==4.1.11 
2024-04-30T13:40:06.479926+00:00 DEBUG 'ansible_navigator.main' ansible-core==2.16.5 
2024-04-30T13:40:06.479949+00:00 DEBUG 'ansible_navigator.main' ansible-lint==24.2.2 
2024-04-30T13:40:06.479971+00:00 DEBUG 'ansible_navigator.main' ansible-navigator==24.3.2 
2024-04-30T13:40:06.480000+00:00 DEBUG 'ansible_navigator.main' ansible-runner==2.3.6 
2024-04-30T13:40:06.480022+00:00 DEBUG 'ansible_navigator.main' ansible==9.4.0 /usr/lib/python3/dist-packages/ansible/__init__.py
2024-04-30T13:40:06.480046+00:00 DEBUG 'ansible_navigator.main' appdirs==1.4.4 /usr/lib/python3/dist-packages/appdirs.py
2024-04-30T13:40:06.480068+00:00 DEBUG 'ansible_navigator.main' argon2-cffi==21.1.0 
2024-04-30T13:40:06.480091+00:00 DEBUG 'ansible_navigator.main' astroid==2.9.3 /usr/lib/python3/dist-packages/astroid/__init__.py
2024-04-30T13:40:06.480114+00:00 DEBUG 'ansible_navigator.main' async-timeout==4.0.3 
2024-04-30T13:40:06.480136+00:00 DEBUG 'ansible_navigator.main' attrs==21.2.0 
2024-04-30T13:40:06.480158+00:00 DEBUG 'ansible_navigator.main' bcrypt==3.2.0 /usr/lib/python3/dist-packages/bcrypt/__init__.py
2024-04-30T13:40:06.480181+00:00 DEBUG 'ansible_navigator.main' beautifulsoup4==4.10.0 
2024-04-30T13:40:06.480204+00:00 DEBUG 'ansible_navigator.main' beniget==0.4.1 /usr/lib/python3/dist-packages/beniget/__init__.py
2024-04-30T13:40:06.480227+00:00 DEBUG 'ansible_navigator.main' bindep==2.11.0 /home/vm/.local/lib/python3.10/site-packages/bindep/__init__.py
2024-04-30T13:40:06.480250+00:00 DEBUG 'ansible_navigator.main' bleach==4.1.0 /usr/lib/python3/dist-packages/bleach/__init__.py
2024-04-30T13:40:06.480273+00:00 DEBUG 'ansible_navigator.main' certifi==2020.6.20 /usr/lib/python3/dist-packages/certifi/__init__.py
2024-04-30T13:40:06.480296+00:00 DEBUG 'ansible_navigator.main' cffi==1.16.0 /home/vm/.local/lib/python3.10/site-packages/cffi/__init__.py
2024-04-30T13:40:06.480319+00:00 DEBUG 'ansible_navigator.main' chardet==4.0.0 /usr/lib/python3/dist-packages/chardet/__init__.py
2024-04-30T13:40:06.480341+00:00 DEBUG 'ansible_navigator.main' click==8.1.7 /home/vm/.local/lib/python3.10/site-packages/click/__init__.py
2024-04-30T13:40:06.480364+00:00 DEBUG 'ansible_navigator.main' colorama==0.4.4 /usr/lib/python3/dist-packages/colorama/__init__.py
2024-04-30T13:40:06.480386+00:00 DEBUG 'ansible_navigator.main' cryptography==3.4.8 /usr/lib/python3/dist-packages/cryptography/__init__.py
2024-04-30T13:40:06.480409+00:00 DEBUG 'ansible_navigator.main' cs144==0.0.0 /home/vm/mininet/mininet-examples/cs144_lab3/pox_module/cs144/__init__.py
2024-04-30T13:40:06.480432+00:00 DEBUG 'ansible_navigator.main' cycler==0.11.0 /usr/lib/python3/dist-packages/cycler.py
2024-04-30T13:40:06.480454+00:00 DEBUG 'ansible_navigator.main' dbus-python==1.2.18 
2024-04-30T13:40:06.480477+00:00 DEBUG 'ansible_navigator.main' debtcollector==3.0.0 /usr/local/lib/python3.10/dist-packages/debtcollector/__init__.py
2024-04-30T13:40:06.480500+00:00 DEBUG 'ansible_navigator.main' decorator==4.4.2 /usr/lib/python3/dist-packages/decorator.py
2024-04-30T13:40:06.480527+00:00 DEBUG 'ansible_navigator.main' defer==1.0.6 /usr/lib/python3/dist-packages/defer/__init__.py
2024-04-30T13:40:06.480551+00:00 DEBUG 'ansible_navigator.main' defusedxml==0.7.1 /usr/lib/python3/dist-packages/defusedxml/__init__.py
2024-04-30T13:40:06.480573+00:00 DEBUG 'ansible_navigator.main' distlib==0.3.8 /home/vm/.local/lib/python3.10/site-packages/distlib/__init__.py
2024-04-30T13:40:06.480596+00:00 DEBUG 'ansible_navigator.main' distro-info==1.1+ubuntu0.2 
2024-04-30T13:40:06.480619+00:00 DEBUG 'ansible_navigator.main' distro==1.9.0 /home/vm/.local/lib/python3.10/site-packages/distro/__init__.py
2024-04-30T13:40:06.480642+00:00 DEBUG 'ansible_navigator.main' docker-compose==1.29.2 
2024-04-30T13:40:06.480664+00:00 DEBUG 'ansible_navigator.main' docker==5.0.3 /usr/lib/python3/dist-packages/docker/__init__.py
2024-04-30T13:40:06.480687+00:00 DEBUG 'ansible_navigator.main' dockerpty==0.4.1 /usr/lib/python3/dist-packages/dockerpty/__init__.py
2024-04-30T13:40:06.480711+00:00 DEBUG 'ansible_navigator.main' docopt==0.6.2 /usr/lib/python3/dist-packages/docopt.py
2024-04-30T13:40:06.480733+00:00 DEBUG 'ansible_navigator.main' document==1.0 /home/vm/.local/lib/python3.10/site-packages/document.py
2024-04-30T13:40:06.480756+00:00 DEBUG 'ansible_navigator.main' docx==0.2.4 /home/vm/.local/lib/python3.10/site-packages/docx/__init__.py
2024-04-30T13:40:06.480791+00:00 DEBUG 'ansible_navigator.main' duplicity==0.8.21 /usr/lib/python3/dist-packages/duplicity/__init__.py
2024-04-30T13:40:06.480814+00:00 DEBUG 'ansible_navigator.main' fasteners==0.14.1 /usr/lib/python3/dist-packages/fasteners/__init__.py
2024-04-30T13:40:06.480836+00:00 DEBUG 'ansible_navigator.main' fonttools==4.29.1 
2024-04-30T13:40:06.480858+00:00 DEBUG 'ansible_navigator.main' frozenlist==1.4.1 /home/vm/.local/lib/python3.10/site-packages/frozenlist/__init__.py
2024-04-30T13:40:06.480881+00:00 DEBUG 'ansible_navigator.main' fs==2.4.12 /usr/lib/python3/dist-packages/fs/__init__.py
2024-04-30T13:40:06.480903+00:00 DEBUG 'ansible_navigator.main' fsspec==2024.3.1 /home/vm/.local/lib/python3.10/site-packages/fsspec/__init__.py
2024-04-30T13:40:06.480925+00:00 DEBUG 'ansible_navigator.main' future==0.18.2 /usr/lib/python3/dist-packages/future/__init__.py
2024-04-30T13:40:06.480948+00:00 DEBUG 'ansible_navigator.main' gast==0.5.2 /usr/lib/python3/dist-packages/gast/__init__.py
2024-04-30T13:40:06.480970+00:00 DEBUG 'ansible_navigator.main' gns3-server==2.2.45 
2024-04-30T13:40:06.480992+00:00 DEBUG 'ansible_navigator.main' greenlet==3.0.3 /usr/local/lib/python3.10/dist-packages/greenlet/__init__.py
2024-04-30T13:40:06.481014+00:00 DEBUG 'ansible_navigator.main' gyp==0.1 /usr/lib/python3/dist-packages/gyp/__init__.py
2024-04-30T13:40:06.481037+00:00 DEBUG 'ansible_navigator.main' html5lib==1.1 /usr/lib/python3/dist-packages/html5lib/__init__.py
2024-04-30T13:40:06.481059+00:00 DEBUG 'ansible_navigator.main' httplib2==0.20.2 /usr/lib/python3/dist-packages/httplib2/__init__.py
2024-04-30T13:40:06.481081+00:00 DEBUG 'ansible_navigator.main' huggingface-hub==0.22.2 
2024-04-30T13:40:06.481103+00:00 DEBUG 'ansible_navigator.main' idna==3.3 /usr/lib/python3/dist-packages/idna/__init__.py
2024-04-30T13:40:06.481125+00:00 DEBUG 'ansible_navigator.main' importlib-metadata==4.6.4 
2024-04-30T13:40:06.481148+00:00 DEBUG 'ansible_navigator.main' ipykernel==6.7.0 /usr/lib/python3/dist-packages/ipykernel/__init__.py
2024-04-30T13:40:06.481170+00:00 DEBUG 'ansible_navigator.main' ipython==7.31.1 
2024-04-30T13:40:06.481192+00:00 DEBUG 'ansible_navigator.main' ipywidgets==6.0.0 /usr/lib/python3/dist-packages/ipywidgets/__init__.py
2024-04-30T13:40:06.481214+00:00 DEBUG 'ansible_navigator.main' isort==5.6.4 /usr/lib/python3/dist-packages/isort/__init__.py
2024-04-30T13:40:06.481236+00:00 DEBUG 'ansible_navigator.main' itsdangerous==2.1.2 /home/vm/.local/lib/python3.10/site-packages/itsdangerous/__init__.py
2024-04-30T13:40:06.481258+00:00 DEBUG 'ansible_navigator.main' jedi==0.18.0 /usr/lib/python3/dist-packages/jedi/__init__.py
2024-04-30T13:40:06.481317+00:00 DEBUG 'ansible_navigator.main' jmespath==0.10.0 /usr/lib/python3/dist-packages/jmespath/__init__.py
2024-04-30T13:40:06.481344+00:00 DEBUG 'ansible_navigator.main' joblib==1.2.0 /home/vm/.local/lib/python3.10/site-packages/joblib/__init__.py
2024-04-30T13:40:06.481367+00:00 DEBUG 'ansible_navigator.main' jsonschema==4.17.3 /home/vm/.local/lib/python3.10/site-packages/jsonschema/__init__.py
2024-04-30T13:40:06.481390+00:00 DEBUG 'ansible_navigator.main' jupyter-client==7.1.2 
2024-04-30T13:40:06.481414+00:00 DEBUG 'ansible_navigator.main' jupyter-console==6.4.0 
2024-04-30T13:40:06.481436+00:00 DEBUG 'ansible_navigator.main' jupyter-core==4.9.1 
2024-04-30T13:40:06.481459+00:00 DEBUG 'ansible_navigator.main' jupyterlab-pygments==0.1.2 
2024-04-30T13:40:06.481483+00:00 DEBUG 'ansible_navigator.main' keyring==23.5.0 /usr/lib/python3/dist-packages/keyring/__init__.py
2024-04-30T13:40:06.481506+00:00 DEBUG 'ansible_navigator.main' kiwisolver==1.3.2 /usr/lib/python3/dist-packages/kiwisolver.cpython-310-x86_64-linux-gnu.so
2024-04-30T13:40:06.481529+00:00 DEBUG 'ansible_navigator.main' language-selector==0.1 
2024-04-30T13:40:06.481552+00:00 DEBUG 'ansible_navigator.main' launchpadlib==1.10.16 /usr/lib/python3/dist-packages/launchpadlib/__init__.py
2024-04-30T13:40:06.481575+00:00 DEBUG 'ansible_navigator.main' lazr.restfulclient==0.14.4 /usr/lib/python3/dist-packages/lazr/restfulclient/__init__.py
2024-04-30T13:40:06.481598+00:00 DEBUG 'ansible_navigator.main' lazr.uri==1.0.6 /usr/lib/python3/dist-packages/lazr/uri/__init__.py
2024-04-30T13:40:06.481621+00:00 DEBUG 'ansible_navigator.main' lazy-object-proxy==0.0.0 
2024-04-30T13:40:06.481643+00:00 DEBUG 'ansible_navigator.main' lockfile==0.12.2 /usr/lib/python3/dist-packages/lockfile/__init__.py
2024-04-30T13:40:06.481666+00:00 DEBUG 'ansible_navigator.main' logilab-common==1.8.2 
2024-04-30T13:40:06.481689+00:00 DEBUG 'ansible_navigator.main' ltprotocol==0.2.1 /usr/local/lib/python3.10/dist-packages/ltprotocol-0.2.1-py3.10.egg/ltprotocol/__init__.py
2024-04-30T13:40:06.481732+00:00 DEBUG 'ansible_navigator.main' lxml==5.1.0 /home/vm/.local/lib/python3.10/site-packages/lxml/__init__.py
2024-04-30T13:40:06.481755+00:00 DEBUG 'ansible_navigator.main' lz4==3.1.3+dfsg /usr/lib/python3/dist-packages/lz4/__init__.py
2024-04-30T13:40:06.481778+00:00 DEBUG 'ansible_navigator.main' macaroonbakery==1.3.1 /usr/lib/python3/dist-packages/macaroonbakery/__init__.py
2024-04-30T13:40:06.481822+00:00 DEBUG 'ansible_navigator.main' matplotlib-inline==0.1.3 
2024-04-30T13:40:06.481845+00:00 DEBUG 'ansible_navigator.main' matplotlib==3.5.1 /usr/lib/python3/dist-packages/matplotlib/__init__.py
2024-04-30T13:40:06.481869+00:00 DEBUG 'ansible_navigator.main' mccabe==0.6.1 /usr/lib/python3/dist-packages/mccabe.py
2024-04-30T13:40:06.481892+00:00 DEBUG 'ansible_navigator.main' mininet==2.3.0 /usr/local/lib/python3.10/dist-packages/mininet/__init__.py
2024-04-30T13:40:06.481916+00:00 DEBUG 'ansible_navigator.main' monotonic==1.6 /usr/lib/python3/dist-packages/monotonic.py
2024-04-30T13:40:06.481939+00:00 DEBUG 'ansible_navigator.main' more-itertools==8.10.0 
2024-04-30T13:40:06.481962+00:00 DEBUG 'ansible_navigator.main' mpmath==0.0.0 /usr/lib/python3/dist-packages/mpmath/__init__.py
2024-04-30T13:40:06.481985+00:00 DEBUG 'ansible_navigator.main' msgpack==1.0.8 /usr/local/lib/python3.10/dist-packages/msgpack/__init__.py
2024-04-30T13:40:06.482008+00:00 DEBUG 'ansible_navigator.main' multidict==6.0.5 /home/vm/.local/lib/python3.10/site-packages/multidict/__init__.py
2024-04-30T13:40:06.482031+00:00 DEBUG 'ansible_navigator.main' mypy-extensions==0.4.3 
2024-04-30T13:40:06.482054+00:00 DEBUG 'ansible_navigator.main' nbclient==0.5.6 /usr/lib/python3/dist-packages/nbclient/__init__.py
2024-04-30T13:40:06.482077+00:00 DEBUG 'ansible_navigator.main' nbconvert==6.4.0 /usr/lib/python3/dist-packages/nbconvert/__init__.py
2024-04-30T13:40:06.482100+00:00 DEBUG 'ansible_navigator.main' nbformat==5.1.3 /usr/lib/python3/dist-packages/nbformat/__init__.py
2024-04-30T13:40:06.482127+00:00 DEBUG 'ansible_navigator.main' nest-asyncio==1.5.4 
2024-04-30T13:40:06.482152+00:00 DEBUG 'ansible_navigator.main' netaddr==1.2.1 /usr/local/lib/python3.10/dist-packages/netaddr/__init__.py
2024-04-30T13:40:06.482174+00:00 DEBUG 'ansible_navigator.main' netifaces==0.11.0 /usr/lib/python3/dist-packages/netifaces.cpython-310-x86_64-linux-gnu.so
2024-04-30T13:40:06.482198+00:00 DEBUG 'ansible_navigator.main' nltk==3.8 /home/vm/.local/lib/python3.10/site-packages/nltk/__init__.py
2024-04-30T13:40:06.482221+00:00 DEBUG 'ansible_navigator.main' notebook==6.4.8 /usr/lib/python3/dist-packages/notebook/__init__.py
2024-04-30T13:40:06.482244+00:00 DEBUG 'ansible_navigator.main' ntlm-auth==1.4.0 
2024-04-30T13:40:06.482267+00:00 DEBUG 'ansible_navigator.main' numpy==1.26.4 /home/vm/.local/lib/python3.10/site-packages/numpy/__init__.py
2024-04-30T13:40:06.482290+00:00 DEBUG 'ansible_navigator.main' oauthlib==3.2.0 /usr/lib/python3/dist-packages/oauthlib/__init__.py
2024-04-30T13:40:06.482313+00:00 DEBUG 'ansible_navigator.main' olefile==0.46 /usr/lib/python3/dist-packages/olefile/__init__.py
2024-04-30T13:40:06.482336+00:00 DEBUG 'ansible_navigator.main' onigurumacffi==1.3.0 /home/vm/.local/lib/python3.10/site-packages/onigurumacffi.py
2024-04-30T13:40:06.482359+00:00 DEBUG 'ansible_navigator.main' ovs==2.17.9 /usr/lib/python3/dist-packages/ovs/__init__.py
2024-04-30T13:40:06.482382+00:00 DEBUG 'ansible_navigator.main' packaging==24.0 /home/vm/.local/lib/python3.10/site-packages/packaging/__init__.py
2024-04-30T13:40:06.482404+00:00 DEBUG 'ansible_navigator.main' pandocfilters==1.5.0 /usr/lib/python3/dist-packages/pandocfilters.py
2024-04-30T13:40:06.482427+00:00 DEBUG 'ansible_navigator.main' paramiko==2.9.3 /usr/lib/python3/dist-packages/paramiko/__init__.py
2024-04-30T13:40:06.482450+00:00 DEBUG 'ansible_navigator.main' parso==0.8.1 /usr/lib/python3/dist-packages/parso/__init__.py
2024-04-30T13:40:06.482472+00:00 DEBUG 'ansible_navigator.main' pbr==6.0.0 /usr/local/lib/python3.10/dist-packages/pbr/__init__.py
2024-04-30T13:40:06.482495+00:00 DEBUG 'ansible_navigator.main' pickleshare==0.7.5 /usr/lib/python3/dist-packages/pickleshare.py
2024-04-30T13:40:06.482517+00:00 DEBUG 'ansible_navigator.main' pip==22.0.2 /usr/lib/python3/dist-packages/pip/__init__.py
2024-04-30T13:40:06.482540+00:00 DEBUG 'ansible_navigator.main' platformdirs==4.2.0 /home/vm/.local/lib/python3.10/site-packages/platformdirs/__init__.py
2024-04-30T13:40:06.482563+00:00 DEBUG 'ansible_navigator.main' ply==3.11 /usr/lib/python3/dist-packages/ply/__init__.py
2024-04-30T13:40:06.482585+00:00 DEBUG 'ansible_navigator.main' prometheus-client==0.9.0 
2024-04-30T13:40:06.482608+00:00 DEBUG 'ansible_navigator.main' prompt-toolkit==3.0.28 
2024-04-30T13:40:06.482630+00:00 DEBUG 'ansible_navigator.main' protobuf==3.12.4 
2024-04-30T13:40:06.482653+00:00 DEBUG 'ansible_navigator.main' psutil==5.9.6 /home/vm/.local/lib/python3.10/site-packages/psutil/__init__.py
2024-04-30T13:40:06.482676+00:00 DEBUG 'ansible_navigator.main' py-cpuinfo==9.0.0 
2024-04-30T13:40:06.482699+00:00 DEBUG 'ansible_navigator.main' py==1.10.0 /usr/lib/python3/dist-packages/py/__init__.py
2024-04-30T13:40:06.482721+00:00 DEBUG 'ansible_navigator.main' pyRFC3339==1.1 
2024-04-30T13:40:06.482744+00:00 DEBUG 'ansible_navigator.main' pycodestyle==2.8.0 /usr/lib/python3/dist-packages/pycodestyle.py
2024-04-30T13:40:06.482767+00:00 DEBUG 'ansible_navigator.main' pycparser==2.22 /home/vm/.local/lib/python3.10/site-packages/pycparser/__init__.py
2024-04-30T13:40:06.482790+00:00 DEBUG 'ansible_navigator.main' pyflakes==2.4.0 /usr/lib/python3/dist-packages/pyflakes/__init__.py
2024-04-30T13:40:06.482813+00:00 DEBUG 'ansible_navigator.main' pykerberos==1.1.14 
2024-04-30T13:40:06.482837+00:00 DEBUG 'ansible_navigator.main' pylint==2.12.2 /usr/lib/python3/dist-packages/pylint/__init__.py
2024-04-30T13:40:06.482861+00:00 DEBUG 'ansible_navigator.main' pymacaroons==0.13.0 /usr/lib/python3/dist-packages/pymacaroons/__init__.py
2024-04-30T13:40:06.482884+00:00 DEBUG 'ansible_navigator.main' pyparsing==2.4.7 /usr/lib/python3/dist-packages/pyparsing.py
2024-04-30T13:40:06.482910+00:00 DEBUG 'ansible_navigator.main' pyrsistent==0.18.1 /usr/lib/python3/dist-packages/pyrsistent/__init__.py
2024-04-30T13:40:06.482933+00:00 DEBUG 'ansible_navigator.main' python-apt==2.4.0+ubuntu3 
2024-04-30T13:40:06.482956+00:00 DEBUG 'ansible_navigator.main' python-daemon==3.0.1 
2024-04-30T13:40:06.482980+00:00 DEBUG 'ansible_navigator.main' python-dateutil==2.8.2 
2024-04-30T13:40:06.483003+00:00 DEBUG 'ansible_navigator.main' python-debian==0.1.43+ubuntu1.1 
2024-04-30T13:40:06.483026+00:00 DEBUG 'ansible_navigator.main' python-docx==1.1.0 
2024-04-30T13:40:06.483049+00:00 DEBUG 'ansible_navigator.main' python-dotenv==0.19.2 
2024-04-30T13:40:06.483072+00:00 DEBUG 'ansible_navigator.main' python2==1.2 /home/vm/.local/lib/python3.10/site-packages/python2/__init__.py
2024-04-30T13:40:06.483095+00:00 DEBUG 'ansible_navigator.main' pythran==0.10.0 /usr/lib/python3/dist-packages/pythran/__init__.py
2024-04-30T13:40:06.483118+00:00 DEBUG 'ansible_navigator.main' pytz==2022.1 /usr/lib/python3/dist-packages/pytz/__init__.py
2024-04-30T13:40:06.483141+00:00 DEBUG 'ansible_navigator.main' pywinrm==0.3.0 
2024-04-30T13:40:06.483164+00:00 DEBUG 'ansible_navigator.main' pyxdg==0.27 
2024-04-30T13:40:06.483186+00:00 DEBUG 'ansible_navigator.main' pyzmq==22.3.0 
2024-04-30T13:40:06.483209+00:00 DEBUG 'ansible_navigator.main' regex==2023.12.25 /home/vm/.local/lib/python3.10/site-packages/regex/__init__.py
2024-04-30T13:40:06.483232+00:00 DEBUG 'ansible_navigator.main' reportlab==3.6.8 /usr/lib/python3/dist-packages/reportlab/__init__.py
2024-04-30T13:40:06.483255+00:00 DEBUG 'ansible_navigator.main' repoze.lru==0.7 /usr/local/lib/python3.10/dist-packages/repoze/lru/__init__.py
2024-04-30T13:40:06.483278+00:00 DEBUG 'ansible_navigator.main' requests-kerberos==0.12.0 
2024-04-30T13:40:06.483301+00:00 DEBUG 'ansible_navigator.main' requests-ntlm==1.1.0 
2024-04-30T13:40:06.483324+00:00 DEBUG 'ansible_navigator.main' requests==2.25.1 /usr/lib/python3/dist-packages/requests/__init__.py
2024-04-30T13:40:06.483347+00:00 DEBUG 'ansible_navigator.main' resolvelib==0.8.1 /usr/lib/python3/dist-packages/resolvelib/__init__.py
2024-04-30T13:40:06.483370+00:00 DEBUG 'ansible_navigator.main' rfc3986==2.0.0 /usr/local/lib/python3.10/dist-packages/rfc3986/__init__.py
2024-04-30T13:40:06.483392+00:00 DEBUG 'ansible_navigator.main' ruamel.yaml.clib==0.2.8 
2024-04-30T13:40:06.483426+00:00 DEBUG 'ansible_navigator.main' ruamel.yaml==0.18.6 /home/vm/.local/lib/python3.10/site-packages/ruamel/yaml/__init__.py
2024-04-30T13:40:06.483455+00:00 DEBUG 'ansible_navigator.main' ryu==4.34 /usr/local/lib/python3.10/dist-packages/ryu/__init__.py
2024-04-30T13:40:06.483491+00:00 DEBUG 'ansible_navigator.main' scipy==1.8.0 /usr/lib/python3/dist-packages/scipy/__init__.py
2024-04-30T13:40:06.483514+00:00 DEBUG 'ansible_navigator.main' sentry-sdk==1.36.0 
2024-04-30T13:40:06.483537+00:00 DEBUG 'ansible_navigator.main' setuptools==69.1.0 /home/vm/.local/lib/python3.10/site-packages/setuptools/__init__.py
2024-04-30T13:40:06.483560+00:00 DEBUG 'ansible_navigator.main' six==1.16.0 /usr/lib/python3/dist-packages/six.py
2024-04-30T13:40:06.483583+00:00 DEBUG 'ansible_navigator.main' sortedcontainers==2.1.0 /usr/lib/python3/dist-packages/sortedcontainers/__init__.py
2024-04-30T13:40:06.483605+00:00 DEBUG 'ansible_navigator.main' soupsieve==2.3.1 /usr/lib/python3/dist-packages/soupsieve/__init__.py
2024-04-30T13:40:06.483628+00:00 DEBUG 'ansible_navigator.main' ssh-import-id==5.11 
2024-04-30T13:40:06.483650+00:00 DEBUG 'ansible_navigator.main' stevedore==5.2.0 /usr/local/lib/python3.10/dist-packages/stevedore/__init__.py
2024-04-30T13:40:06.483673+00:00 DEBUG 'ansible_navigator.main' subprocess-tee==0.4.1 
2024-04-30T13:40:06.483696+00:00 DEBUG 'ansible_navigator.main' tamil==0.3 /home/vm/.local/lib/python3.10/site-packages/tamil/__init__.py
2024-04-30T13:40:06.483719+00:00 DEBUG 'ansible_navigator.main' terminado==0.13.1 /usr/lib/python3/dist-packages/terminado/__init__.py
2024-04-30T13:40:06.483746+00:00 DEBUG 'ansible_navigator.main' texttable==1.6.4 /usr/lib/python3/dist-packages/texttable.py
2024-04-30T13:40:06.483783+00:00 DEBUG 'ansible_navigator.main' tinyrpc==1.1.7 /usr/local/lib/python3.10/dist-packages/tinyrpc/__init__.py
2024-04-30T13:40:06.483805+00:00 DEBUG 'ansible_navigator.main' toml==0.10.2 /usr/lib/python3/dist-packages/toml/__init__.py
2024-04-30T13:40:06.483827+00:00 DEBUG 'ansible_navigator.main' tornado==6.1 /usr/lib/python3/dist-packages/tornado/__init__.py
2024-04-30T13:40:06.483849+00:00 DEBUG 'ansible_navigator.main' tqdm==4.66.2 /home/vm/.local/lib/python3.10/site-packages/tqdm/__init__.py
2024-04-30T13:40:06.483871+00:00 DEBUG 'ansible_navigator.main' traitlets==5.1.1 /usr/lib/python3/dist-packages/traitlets/__init__.py
2024-04-30T13:40:06.483893+00:00 DEBUG 'ansible_navigator.main' transformers==4.39.2 /home/vm/.local/lib/python3.10/site-packages/transformers/__init__.py
2024-04-30T13:40:06.483915+00:00 DEBUG 'ansible_navigator.main' types-setuptools==69.5.0.20240423 
2024-04-30T13:40:06.483937+00:00 DEBUG 'ansible_navigator.main' typing-extensions==4.9.0 
2024-04-30T13:40:06.483959+00:00 DEBUG 'ansible_navigator.main' tzdata==2024.1 /home/vm/.local/lib/python3.10/site-packages/tzdata/__init__.py
2024-04-30T13:40:06.483981+00:00 DEBUG 'ansible_navigator.main' ubuntu-advantage-tools==8001 
2024-04-30T13:40:06.484003+00:00 DEBUG 'ansible_navigator.main' ubuntu-drivers-common==0.0.0 
2024-04-30T13:40:06.484025+00:00 DEBUG 'ansible_navigator.main' ufoLib2==0.13.1 /usr/lib/python3/dist-packages/ufoLib2/__init__.py
2024-04-30T13:40:06.484047+00:00 DEBUG 'ansible_navigator.main' unicodedata2==14.0.0 /usr/lib/python3/dist-packages/unicodedata2.cpython-310-x86_64-linux-gnu.so
2024-04-30T13:40:06.484069+00:00 DEBUG 'ansible_navigator.main' urllib3==2.2.1 /home/vm/.local/lib/python3.10/site-packages/urllib3/__init__.py
2024-04-30T13:40:06.484091+00:00 DEBUG 'ansible_navigator.main' wadllib==1.3.6 /usr/lib/python3/dist-packages/wadllib/__init__.py
2024-04-30T13:40:06.484113+00:00 DEBUG 'ansible_navigator.main' wcwidth==0.2.5 /usr/lib/python3/dist-packages/wcwidth/__init__.py
2024-04-30T13:40:06.484135+00:00 DEBUG 'ansible_navigator.main' webencodings==0.5.1 /usr/lib/python3/dist-packages/webencodings/__init__.py
2024-04-30T13:40:06.484157+00:00 DEBUG 'ansible_navigator.main' websocket-client==1.2.3 
2024-04-30T13:40:06.484179+00:00 DEBUG 'ansible_navigator.main' wheel==0.37.1 /usr/lib/python3/dist-packages/wheel/__init__.py
2024-04-30T13:40:06.484200+00:00 DEBUG 'ansible_navigator.main' widgetsnbextension==2.0.0 /usr/lib/python3/dist-packages/widgetsnbextension/__init__.py
2024-04-30T13:40:06.484221+00:00 DEBUG 'ansible_navigator.main' wrapt==1.16.0 /usr/local/lib/python3.10/dist-packages/wrapt/__init__.py
2024-04-30T13:40:06.484243+00:00 DEBUG 'ansible_navigator.main' xmltodict==0.12.0 /usr/lib/python3/dist-packages/xmltodict.py
2024-04-30T13:40:06.484265+00:00 DEBUG 'ansible_navigator.main' yamllint==1.35.1 /home/vm/.local/lib/python3.10/site-packages/yamllint/__init__.py
2024-04-30T13:40:06.484287+00:00 DEBUG 'ansible_navigator.main' yarl==1.9.4 /home/vm/.local/lib/python3.10/site-packages/yarl/__init__.py
2024-04-30T13:40:06.484309+00:00 DEBUG 'ansible_navigator.main' zipp==1.0.0 /usr/lib/python3/dist-packages/zipp.py
2024-04-30T13:40:06.484330+00:00 DEBUG 'ansible_navigator.main' Default collection_doc_cache_path set to: /home/vm/.cache/ansible-navigator/collection_doc_cache.db
2024-04-30T13:40:06.484352+00:00 DEBUG 'ansible_navigator.main' EDITOR environment variable not set
2024-04-30T13:40:06.484374+00:00 DEBUG 'ansible_navigator.main' Default editor_command set to: vi +{line_number} {filename}
2024-04-30T13:40:06.484396+00:00 DEBUG 'ansible_navigator.main' No config file set by ANSIBLE_NAVIGATOR_CONFIG
2024-04-30T13:40:06.484417+00:00 DEBUG 'ansible_navigator.main' Looking in /home/vm
2024-04-30T13:40:06.484439+00:00 DEBUG 'ansible_navigator.main' Looking for '/home/vm/.ansible-navigator.yml', '/home/vm/.ansible-navigator.yaml' and '/home/vm/.ansible-navigator.json'
2024-04-30T13:40:06.484468+00:00 DEBUG 'ansible_navigator.main' Found 0: 
2024-04-30T13:40:06.484491+00:00 DEBUG 'ansible_navigator.main' Looking in /home/vm/ansible-practices
2024-04-30T13:40:06.484513+00:00 DEBUG 'ansible_navigator.main' Looking for '/home/vm/ansible-practices/ansible-navigator.yml', '/home/vm/ansible-practices/ansible-navigator.yaml' and '/home/vm/ansible-practices/ansible-navigator.json'
2024-04-30T13:40:06.484535+00:00 DEBUG 'ansible_navigator.main' Found 1: '/home/vm/ansible-practices/ansible-navigator.yml'
2024-04-30T13:40:06.484557+00:00 DEBUG 'ansible_navigator.main' All found 1: '/home/vm/ansible-practices/ansible-navigator.yml'
2024-04-30T13:40:06.484579+00:00 DEBUG 'ansible_navigator.main' Using: /home/vm/ansible-practices/ansible-navigator.yml
2024-04-30T13:40:06.484601+00:00 DEBUG 'ansible_navigator.main' Using settings file at /home/vm/ansible-practices/ansible-navigator.yml in search path
2024-04-30T13:40:06.484623+00:00 DEBUG 'ansible_navigator.main' Command provided: '-d ansible.buildin.service'
2024-04-30T13:40:06.484645+00:00 DEBUG 'ansible_navigator.main' ansible-navigator.ansible-runner.artifact-dir not found in settings file
2024-04-30T13:40:06.484667+00:00 DEBUG 'ansible_navigator.main' ansible-navigator.ansible-runner.rotate-artifacts-count not found in settings file
2024-04-30T13:40:06.484689+00:00 DEBUG 'ansible_navigator.main' ansible-navigator.ansible-runner.timeout not found in settings file
2024-04-30T13:40:06.484711+00:00 DEBUG 'ansible_navigator.main' ansible-navigator.ansible-runner.job-events not found in settings file
2024-04-30T13:40:06.484733+00:00 DEBUG 'ansible_navigator.main' ansible-navigator.app not found in settings file
2024-04-30T13:40:06.484755+00:00 DEBUG 'ansible_navigator.main' ansible-navigator.ansible.cmdline not found in settings file
2024-04-30T13:40:06.484777+00:00 DEBUG 'ansible_navigator.main' ansible-navigator.collection-doc-cache-path not found in settings file
2024-04-30T13:40:06.484799+00:00 DEBUG 'ansible_navigator.main' ansible-navigator.ansible.config.path not found in settings file
2024-04-30T13:40:06.484823+00:00 DEBUG 'ansible_navigator.main' ansible-navigator.execution-environment.container-engine not found in settings file
2024-04-30T13:40:06.484846+00:00 DEBUG 'ansible_navigator.main' ansible-navigator.execution-environment.container-options not found in settings file
2024-04-30T13:40:06.484868+00:00 DEBUG 'ansible_navigator.main' ansible-navigator.color.enable not found in settings file
2024-04-30T13:40:06.484890+00:00 DEBUG 'ansible_navigator.main' ansible-navigator.editor.command not found in settings file
2024-04-30T13:40:06.484912+00:00 DEBUG 'ansible_navigator.main' ansible-navigator.editor.console not found in settings file
2024-04-30T13:40:06.484934+00:00 DEBUG 'ansible_navigator.main' ansible-navigator.enable-prompts not found in settings file
2024-04-30T13:40:06.484956+00:00 DEBUG 'ansible_navigator.main' ansible-navigator.exec.command not found in settings file
2024-04-30T13:40:06.484978+00:00 DEBUG 'ansible_navigator.main' ansible-navigator.exec.shell not found in settings file
2024-04-30T13:40:06.485000+00:00 DEBUG 'ansible_navigator.main' ansible-navigator.execution-environment.enabled not found in settings file
2024-04-30T13:40:06.485023+00:00 DEBUG 'ansible_navigator.main' ansible-navigator.execution-environment.volume-mounts not found in settings file
2024-04-30T13:40:06.485044+00:00 DEBUG 'ansible_navigator.main' ansible-navigator.format not found in settings file
2024-04-30T13:40:06.485066+00:00 DEBUG 'ansible_navigator.main' ansible-navigator.ansible-builder.help not found in settings file
2024-04-30T13:40:06.485089+00:00 DEBUG 'ansible_navigator.main' ansible-navigator.ansible.config.help not found in settings file
2024-04-30T13:40:06.485111+00:00 DEBUG 'ansible_navigator.main' ansible-navigator.ansible.doc.help not found in settings file
2024-04-30T13:40:06.485155+00:00 DEBUG 'ansible_navigator.main' ansible-navigator.ansible.inventory.help not found in settings file
2024-04-30T13:40:06.485178+00:00 DEBUG 'ansible_navigator.main' ansible-navigator.ansible.playbook.help not found in settings file
2024-04-30T13:40:06.485205+00:00 DEBUG 'ansible_navigator.main' ansible-navigator.images.details not found in settings file
2024-04-30T13:40:06.485228+00:00 DEBUG 'ansible_navigator.main' ansible-navigator.ansible.inventory.entries not found in settings file
2024-04-30T13:40:06.485250+00:00 DEBUG 'ansible_navigator.main' ansible-navigator.inventory-columns not found in settings file
2024-04-30T13:40:06.485286+00:00 DEBUG 'ansible_navigator.main' ansible-navigator.ansible-lint.config not found in settings file
2024-04-30T13:40:06.485311+00:00 DEBUG 'ansible_navigator.main' ansible-navigator.ansible-lint.lintables not found in settings file
2024-04-30T13:40:06.485333+00:00 DEBUG 'ansible_navigator.main' ansible-navigator.logging.append not found in settings file
2024-04-30T13:40:06.485356+00:00 DEBUG 'ansible_navigator.main' ansible-navigator.logging.file not found in settings file
2024-04-30T13:40:06.485378+00:00 DEBUG 'ansible_navigator.main' ansible-navigator.logging.level not found in settings file
2024-04-30T13:40:06.485400+00:00 DEBUG 'ansible_navigator.main' ansible-navigator.mode not found in settings file
2024-04-30T13:40:06.485422+00:00 DEBUG 'ansible_navigator.main' ansible-navigator.color.osc4 not found in settings file
2024-04-30T13:40:06.485445+00:00 DEBUG 'ansible_navigator.main' ansible-navigator.execution-environment.environment-variables.pass not found in settings file
2024-04-30T13:40:06.485467+00:00 DEBUG 'ansible_navigator.main' ansible-navigator.ansible.playbook.path not found in settings file
2024-04-30T13:40:06.485490+00:00 DEBUG 'ansible_navigator.main' ansible-navigator.playbook-artifact.replay not found in settings file
2024-04-30T13:40:06.485512+00:00 DEBUG 'ansible_navigator.main' ansible-navigator.playbook-artifact.save-as not found in settings file
2024-04-30T13:40:06.485534+00:00 DEBUG 'ansible_navigator.main' ansible-navigator.ansible.doc.plugin.name not found in settings file
2024-04-30T13:40:06.485556+00:00 DEBUG 'ansible_navigator.main' ansible-navigator.ansible.doc.plugin.type not found in settings file
2024-04-30T13:40:06.485579+00:00 DEBUG 'ansible_navigator.main' ansible-navigator.execution-environment.pull.arguments not found in settings file
2024-04-30T13:40:06.485600+00:00 DEBUG 'ansible_navigator.main' ansible-navigator.execution-environment.environment-variables.set not found in settings file
2024-04-30T13:40:06.485623+00:00 DEBUG 'ansible_navigator.main' ansible-navigator.settings.effective not found in settings file
2024-04-30T13:40:06.485645+00:00 DEBUG 'ansible_navigator.main' ansible-navigator.settings.sample not found in settings file
2024-04-30T13:40:06.485667+00:00 DEBUG 'ansible_navigator.main' ansible-navigator.settings.schema not found in settings file
2024-04-30T13:40:06.485689+00:00 DEBUG 'ansible_navigator.main' ansible-navigator.settings.sources not found in settings file
2024-04-30T13:40:06.485710+00:00 DEBUG 'ansible_navigator.main' ansible-navigator.time-zone not found in settings file
2024-04-30T13:40:06.485732+00:00 DEBUG 'ansible_navigator.main' ansible-navigator.ansible-builder.workdir not found in settings file
2024-04-30T13:40:06.485758+00:00 WARNING 'ansible_navigator.main' Configuration errors encountered, rolling back to previous configuration.
2024-04-30T13:40:06.485781+00:00 DEBUG 'ansible_navigator.main' Prior to rollback: ansible_runner_artifact_dir = 'Not set' (Constants/Not set)
2024-04-30T13:40:06.485802+00:00 DEBUG 'ansible_navigator.main' Prior to rollback: ansible_runner_rotate_artifacts_count = 'Not set' (Constants/Not set)
2024-04-30T13:40:06.485825+00:00 DEBUG 'ansible_navigator.main' Prior to rollback: ansible_runner_timeout = 'Not set' (Constants/Not set)
2024-04-30T13:40:06.485847+00:00 DEBUG 'ansible_navigator.main' Prior to rollback: ansible_runner_write_job_events = 'False' (bool/Defaults)
2024-04-30T13:40:06.485868+00:00 DEBUG 'ansible_navigator.main' Prior to rollback: app = 'welcome' (str/Defaults)
2024-04-30T13:40:06.485890+00:00 DEBUG 'ansible_navigator.main' Prior to rollback: cmdline = '['-d', 'ansible.buildin.service']' (list/Command line)
2024-04-30T13:40:06.485917+00:00 DEBUG 'ansible_navigator.main' Prior to rollback: collection_doc_cache_path = '/home/vm/.cache/ansible-navigator/collection_doc_cache.db' (str/Defaults)
2024-04-30T13:40:06.485940+00:00 DEBUG 'ansible_navigator.main' Prior to rollback: config = 'Not set' (Constants/Not set)
2024-04-30T13:40:06.485963+00:00 DEBUG 'ansible_navigator.main' Prior to rollback: container_engine = 'auto' (str/Defaults)
2024-04-30T13:40:06.485985+00:00 DEBUG 'ansible_navigator.main' Prior to rollback: container_options = 'Not set' (Constants/Not set)
2024-04-30T13:40:06.486007+00:00 DEBUG 'ansible_navigator.main' Prior to rollback: display_color = 'True' (bool/Defaults)
2024-04-30T13:40:06.486029+00:00 DEBUG 'ansible_navigator.main' Prior to rollback: editor_command = 'vi +{line_number} {filename}' (str/Defaults)
2024-04-30T13:40:06.486052+00:00 DEBUG 'ansible_navigator.main' Prior to rollback: editor_console = 'True' (bool/Defaults)
2024-04-30T13:40:06.486073+00:00 DEBUG 'ansible_navigator.main' Prior to rollback: enable_prompts = 'False' (bool/Defaults)
2024-04-30T13:40:06.486096+00:00 DEBUG 'ansible_navigator.main' Prior to rollback: exec_command = '/bin/bash' (str/Defaults)
2024-04-30T13:40:06.486118+00:00 DEBUG 'ansible_navigator.main' Prior to rollback: exec_shell = 'True' (bool/Defaults)
2024-04-30T13:40:06.486139+00:00 DEBUG 'ansible_navigator.main' Prior to rollback: execution_environment = 'True' (bool/Defaults)
2024-04-30T13:40:06.486161+00:00 DEBUG 'ansible_navigator.main' Prior to rollback: execution_environment_image = 'raedsebti/ee-supported-rhel8:latest' (str/Settings file)
2024-04-30T13:40:06.486183+00:00 DEBUG 'ansible_navigator.main' Prior to rollback: execution_environment_volume_mounts = 'Not set' (Constants/Not set)
2024-04-30T13:40:06.486205+00:00 DEBUG 'ansible_navigator.main' Prior to rollback: format = 'yaml' (str/Defaults)
2024-04-30T13:40:06.486228+00:00 DEBUG 'ansible_navigator.main' Prior to rollback: help_builder = 'False' (bool/Defaults)
2024-04-30T13:40:06.486249+00:00 DEBUG 'ansible_navigator.main' Prior to rollback: help_config = 'False' (bool/Defaults)
2024-04-30T13:40:06.486272+00:00 DEBUG 'ansible_navigator.main' Prior to rollback: help_doc = 'False' (bool/Defaults)
2024-04-30T13:40:06.486294+00:00 DEBUG 'ansible_navigator.main' Prior to rollback: help_inventory = 'False' (bool/Defaults)
2024-04-30T13:40:06.486316+00:00 DEBUG 'ansible_navigator.main' Prior to rollback: help_playbook = 'False' (bool/Defaults)
2024-04-30T13:40:06.486338+00:00 DEBUG 'ansible_navigator.main' Prior to rollback: images_details = '['everything']' (list/Defaults)
2024-04-30T13:40:06.486360+00:00 DEBUG 'ansible_navigator.main' Prior to rollback: inventory = 'Not set' (Constants/Not set)
2024-04-30T13:40:06.486382+00:00 DEBUG 'ansible_navigator.main' Prior to rollback: inventory_column = 'Not set' (Constants/Not set)
2024-04-30T13:40:06.486403+00:00 DEBUG 'ansible_navigator.main' Prior to rollback: lint_config = 'Not set' (Constants/Not set)
2024-04-30T13:40:06.486426+00:00 DEBUG 'ansible_navigator.main' Prior to rollback: lintables = 'Not set' (Constants/Not set)
2024-04-30T13:40:06.486448+00:00 DEBUG 'ansible_navigator.main' Prior to rollback: log_append = 'True' (bool/Defaults)
2024-04-30T13:40:06.486469+00:00 DEBUG 'ansible_navigator.main' Prior to rollback: log_file = '/home/vm/ansible-practices/ansible-navigator.log' (str/Defaults)
2024-04-30T13:40:06.486492+00:00 DEBUG 'ansible_navigator.main' Prior to rollback: log_level = 'warning' (str/Defaults)
2024-04-30T13:40:06.486514+00:00 DEBUG 'ansible_navigator.main' Prior to rollback: mode = 'interactive' (str/Defaults)
2024-04-30T13:40:06.486536+00:00 DEBUG 'ansible_navigator.main' Prior to rollback: osc4 = 'True' (bool/Defaults)
2024-04-30T13:40:06.486558+00:00 DEBUG 'ansible_navigator.main' Prior to rollback: pass_environment_variable = 'Not set' (Constants/Not set)
2024-04-30T13:40:06.486581+00:00 DEBUG 'ansible_navigator.main' Prior to rollback: playbook = 'Not set' (Constants/Not set)
2024-04-30T13:40:06.486606+00:00 DEBUG 'ansible_navigator.main' Prior to rollback: playbook_artifact_enable = 'False' (bool/Settings file)
2024-04-30T13:40:06.486629+00:00 DEBUG 'ansible_navigator.main' Prior to rollback: playbook_artifact_replay = 'Not set' (Constants/Not set)
2024-04-30T13:40:06.486651+00:00 DEBUG 'ansible_navigator.main' Prior to rollback: playbook_artifact_save_as = '{playbook_dir}/{playbook_name}-artifact-{time_stamp}.json' (str/Defaults)
2024-04-30T13:40:06.486674+00:00 DEBUG 'ansible_navigator.main' Prior to rollback: plugin_name = 'Not set' (Constants/Not set)
2024-04-30T13:40:06.486696+00:00 DEBUG 'ansible_navigator.main' Prior to rollback: plugin_type = 'module' (str/Defaults)
2024-04-30T13:40:06.486718+00:00 DEBUG 'ansible_navigator.main' Prior to rollback: pull_arguments = 'Not set' (Constants/Not set)
2024-04-30T13:40:06.486740+00:00 DEBUG 'ansible_navigator.main' Prior to rollback: pull_policy = 'missing' (str/Settings file)
2024-04-30T13:40:06.486762+00:00 DEBUG 'ansible_navigator.main' Prior to rollback: set_environment_variable = 'Not set' (Constants/Not set)
2024-04-30T13:40:06.486784+00:00 DEBUG 'ansible_navigator.main' Prior to rollback: settings_effective = 'False' (bool/Defaults)
2024-04-30T13:40:06.486806+00:00 DEBUG 'ansible_navigator.main' Prior to rollback: settings_sample = 'False' (bool/Defaults)
2024-04-30T13:40:06.486828+00:00 DEBUG 'ansible_navigator.main' Prior to rollback: settings_schema = 'json' (str/Defaults)
2024-04-30T13:40:06.486849+00:00 DEBUG 'ansible_navigator.main' Prior to rollback: settings_sources = 'False' (bool/Defaults)
2024-04-30T13:40:06.486871+00:00 DEBUG 'ansible_navigator.main' Prior to rollback: time_zone = 'UTC' (str/Defaults)
2024-04-30T13:40:06.486892+00:00 DEBUG 'ansible_navigator.main' Prior to rollback: workdir = '/home/vm/ansible-practices' (str/Defaults)
2024-04-30T13:40:06.486914+00:00 DEBUG 'ansible_navigator.main' After rollback: ansible_runner_artifact_dir = 'Not set' (Constants/Not set)
2024-04-30T13:40:06.486936+00:00 DEBUG 'ansible_navigator.main' After rollback: ansible_runner_rotate_artifacts_count = 'Not set' (Constants/Not set)
2024-04-30T13:40:06.486958+00:00 DEBUG 'ansible_navigator.main' After rollback: ansible_runner_timeout = 'Not set' (Constants/Not set)
2024-04-30T13:40:06.486979+00:00 DEBUG 'ansible_navigator.main' After rollback: ansible_runner_write_job_events = 'Not set' (Constants/Not set)
2024-04-30T13:40:06.487001+00:00 DEBUG 'ansible_navigator.main' After rollback: app = 'Not set' (Constants/Not set)
2024-04-30T13:40:06.487023+00:00 DEBUG 'ansible_navigator.main' After rollback: cmdline = 'Not set' (Constants/Not set)
2024-04-30T13:40:06.487058+00:00 DEBUG 'ansible_navigator.main' After rollback: collection_doc_cache_path = 'Not set' (Constants/Not set)
2024-04-30T13:40:06.487080+00:00 DEBUG 'ansible_navigator.main' After rollback: config = 'Not set' (Constants/Not set)
2024-04-30T13:40:06.487101+00:00 DEBUG 'ansible_navigator.main' After rollback: container_engine = 'Not set' (Constants/Not set)
2024-04-30T13:40:06.487122+00:00 DEBUG 'ansible_navigator.main' After rollback: container_options = 'Not set' (Constants/Not set)
2024-04-30T13:40:06.487144+00:00 DEBUG 'ansible_navigator.main' After rollback: display_color = 'Not set' (Constants/Not set)
2024-04-30T13:40:06.487165+00:00 DEBUG 'ansible_navigator.main' After rollback: editor_command = 'Not set' (Constants/Not set)
2024-04-30T13:40:06.487186+00:00 DEBUG 'ansible_navigator.main' After rollback: editor_console = 'Not set' (Constants/Not set)
2024-04-30T13:40:06.487207+00:00 DEBUG 'ansible_navigator.main' After rollback: enable_prompts = 'Not set' (Constants/Not set)
2024-04-30T13:40:06.487228+00:00 DEBUG 'ansible_navigator.main' After rollback: exec_command = 'Not set' (Constants/Not set)
2024-04-30T13:40:06.487250+00:00 DEBUG 'ansible_navigator.main' After rollback: exec_shell = 'Not set' (Constants/Not set)
2024-04-30T13:40:06.487271+00:00 DEBUG 'ansible_navigator.main' After rollback: execution_environment = 'Not set' (Constants/Not set)
2024-04-30T13:40:06.487294+00:00 DEBUG 'ansible_navigator.main' After rollback: execution_environment_image = 'Not set' (Constants/Not set)
2024-04-30T13:40:06.487316+00:00 DEBUG 'ansible_navigator.main' After rollback: execution_environment_volume_mounts = 'Not set' (Constants/Not set)
2024-04-30T13:40:06.487338+00:00 DEBUG 'ansible_navigator.main' After rollback: format = 'Not set' (Constants/Not set)
2024-04-30T13:40:06.487359+00:00 DEBUG 'ansible_navigator.main' After rollback: help_builder = 'Not set' (Constants/Not set)
2024-04-30T13:40:06.487379+00:00 DEBUG 'ansible_navigator.main' After rollback: help_config = 'Not set' (Constants/Not set)
2024-04-30T13:40:06.487405+00:00 DEBUG 'ansible_navigator.main' After rollback: help_doc = 'Not set' (Constants/Not set)
2024-04-30T13:40:06.487432+00:00 DEBUG 'ansible_navigator.main' After rollback: help_inventory = 'Not set' (Constants/Not set)
2024-04-30T13:40:06.487461+00:00 DEBUG 'ansible_navigator.main' After rollback: help_playbook = 'Not set' (Constants/Not set)
2024-04-30T13:40:06.487490+00:00 DEBUG 'ansible_navigator.main' After rollback: images_details = 'Not set' (Constants/Not set)
2024-04-30T13:40:06.487511+00:00 DEBUG 'ansible_navigator.main' After rollback: inventory = 'Not set' (Constants/Not set)
2024-04-30T13:40:06.487532+00:00 DEBUG 'ansible_navigator.main' After rollback: inventory_column = 'Not set' (Constants/Not set)
2024-04-30T13:40:06.487553+00:00 DEBUG 'ansible_navigator.main' After rollback: lint_config = 'Not set' (Constants/Not set)
2024-04-30T13:40:06.487574+00:00 DEBUG 'ansible_navigator.main' After rollback: lintables = 'Not set' (Constants/Not set)
2024-04-30T13:40:06.487595+00:00 DEBUG 'ansible_navigator.main' After rollback: log_append = 'Not set' (Constants/Not set)
2024-04-30T13:40:06.487616+00:00 DEBUG 'ansible_navigator.main' After rollback: log_file = 'Not set' (Constants/Not set)
2024-04-30T13:40:06.487637+00:00 DEBUG 'ansible_navigator.main' After rollback: log_level = 'Not set' (Constants/Not set)
2024-04-30T13:40:06.487658+00:00 DEBUG 'ansible_navigator.main' After rollback: mode = 'Not set' (Constants/Not set)
2024-04-30T13:40:06.487679+00:00 DEBUG 'ansible_navigator.main' After rollback: osc4 = 'Not set' (Constants/Not set)
2024-04-30T13:40:06.487700+00:00 DEBUG 'ansible_navigator.main' After rollback: pass_environment_variable = 'Not set' (Constants/Not set)
2024-04-30T13:40:06.487721+00:00 DEBUG 'ansible_navigator.main' After rollback: playbook = 'Not set' (Constants/Not set)
2024-04-30T13:40:06.487742+00:00 DEBUG 'ansible_navigator.main' After rollback: playbook_artifact_enable = 'Not set' (Constants/Not set)
2024-04-30T13:40:06.487763+00:00 DEBUG 'ansible_navigator.main' After rollback: playbook_artifact_replay = 'Not set' (Constants/Not set)
2024-04-30T13:40:06.487784+00:00 DEBUG 'ansible_navigator.main' After rollback: playbook_artifact_save_as = 'Not set' (Constants/Not set)
2024-04-30T13:40:06.487805+00:00 DEBUG 'ansible_navigator.main' After rollback: plugin_name = 'Not set' (Constants/Not set)
2024-04-30T13:40:06.487826+00:00 DEBUG 'ansible_navigator.main' After rollback: plugin_type = 'Not set' (Constants/Not set)
2024-04-30T13:40:06.487847+00:00 DEBUG 'ansible_navigator.main' After rollback: pull_arguments = 'Not set' (Constants/Not set)
2024-04-30T13:40:06.487868+00:00 DEBUG 'ansible_navigator.main' After rollback: pull_policy = 'Not set' (Constants/Not set)
2024-04-30T13:40:06.487889+00:00 DEBUG 'ansible_navigator.main' After rollback: set_environment_variable = 'Not set' (Constants/Not set)
2024-04-30T13:40:06.487911+00:00 DEBUG 'ansible_navigator.main' After rollback: settings_effective = 'Not set' (Constants/Not set)
2024-04-30T13:40:06.487932+00:00 DEBUG 'ansible_navigator.main' After rollback: settings_sample = 'Not set' (Constants/Not set)
2024-04-30T13:40:06.487953+00:00 DEBUG 'ansible_navigator.main' After rollback: settings_schema = 'Not set' (Constants/Not set)
2024-04-30T13:40:06.487981+00:00 DEBUG 'ansible_navigator.main' After rollback: settings_sources = 'Not set' (Constants/Not set)
2024-04-30T13:40:06.488006+00:00 DEBUG 'ansible_navigator.main' After rollback: time_zone = 'Not set' (Constants/Not set)
2024-04-30T13:40:06.488029+00:00 DEBUG 'ansible_navigator.main' After rollback: workdir = 'Not set' (Constants/Not set)
2024-04-30T13:40:06.488050+00:00 DEBUG 'ansible_navigator.main' Configuration rollback complete.
2024-04-30T13:40:06.488073+00:00 DEBUG 'ansible_navigator.main' Collection doc cache not mounted
2024-04-30T13:40:06.488103+00:00 WARNING 'ansible_navigator.main' Issues were found while applying the settings.
2024-04-30T13:40:06.488141+00:00 INFO 'ansible_navigator.main' Command provided: '-d ansible.buildin.service'
2024-04-30T13:40:06.488169+00:00 ERROR 'ansible_navigator.main' argument {subcommand} --help: invalid choice: 'ansible.buildin.service' (choose from 'builder', 'collections', 'config', 'doc', 'exec', 'images', 'inventory', 'lint', 'replay', 'run', 'settings', 'welcome')
2024-04-30T13:40:06.488195+00:00 INFO 'ansible_navigator.main' Configuration failed, using default log file location. (/home/vm/ansible-practices/ansible-navigator.log) Log level set to debug
2024-04-30T13:40:06.488220+00:00 INFO 'ansible_navigator.main' Review the hints and log file to see what went wrong.
2024-04-30T13:40:16.586397+00:00 ERROR 'ansible_navigator.actions.doc._run_runner' Error occurred while fetching doc for plugin ansible.buildin.service: '[WARNING]: module ansible.buildin.service not found in: /home/vm/ansible-practi
ces/library:/home/runner/.ansible/plugins/modules:/usr/share/ansible/plugins/mo
dules:/usr/lib/python3.9/site-packages/ansible/modules
'
2024-04-30T13:56:17.108348+00:00 ERROR 'ansible_navigator.actions.doc._run_runner' Error occurred while fetching doc for plugin ansible.posix.synchronise: '[WARNING]: module ansible.posix.synchronise not found in: /home/vm/ansible-prac
tices/library:/home/runner/.ansible/plugins/modules:/usr/share/ansible/plugins/
modules:/usr/lib/python3.9/site-packages/ansible/modules
'
2024-04-30T15:18:40.600542+00:00 ERROR 'ansible_navigator.actions.doc._run_runner' Error occurred while fetching doc for plugin ansible.postfix.service: '[WARNING]: module ansible.postfix.service not found in: /home/vm/ansible-practi
ces/library:/home/runner/.ansible/plugins/modules:/usr/share/ansible/plugins/mo
dules:/usr/lib/python3.9/site-packages/ansible/modules
'
2024-04-30T15:19:22.539490+00:00 ERROR 'ansible_navigator.actions.doc._run_runner' Error occurred while fetching doc for plugin ansible.postfix.synchronize: '[WARNING]: module ansible.postfix.synchronize not found in: /home/vm/ansible-pr
actices/library:/home/runner/.ansible/plugins/modules:/usr/share/ansible/plugin
s/modules:/usr/lib/python3.9/site-packages/ansible/modules
'
